<?xml version="1.0" encoding="UTF-8"?>
<!-- Generated by org.testng.reporters.JUnitXMLReporter -->
<testsuite ignored="0" hostname="Chandra" failures="1" tests="4" name="Regression" time="50.48" errors="0" timestamp="2023-10-05T23:00:03 IST">
  <testcase classname="testScripts.loginTest" name="test_login" time="0.374"/>
  <testcase classname="testScripts.homePageTest" name="test_dashboardText" time="1.267"/>
  <testcase classname="testScripts.homePageTest" name="test_homePageLogo" time="0.033"/>
  <testcase classname="testScripts.adminTest" name="test_admin" time="3.006">
    <failure type="java.lang.AssertionError" message="expected [Admin1] but found [Admin]">
      <![CDATA[java.lang.AssertionError: expected [Admin1] but found [Admin]
at testScripts.adminTest.test_admin(adminTest.java:41)
at java.base/java.util.ArrayList.forEach(ArrayList.java:1541)
... Removed 33 stack frames]]>
    </failure>
  </testcase> <!-- test_admin -->
</testsuite> <!-- Regression -->
