<?xml version="1.0" encoding="UTF-8"?>
<!-- Generated by org.testng.reporters.JUnitXMLReporter -->
<testsuite ignored="0" hostname="Chandra" failures="0" tests="3" name="Regression" time="30.612" errors="0" timestamp="2023-10-03T21:19:20 IST">
  <testcase classname="testScripts.loginTest" name="test_login" time="7.631"/>
  <testcase classname="testScripts.homePageTest" name="test_dashboardText" time="0.423"/>
  <testcase classname="testScripts.homePageTest" name="test_homePageLogo" time="0.047"/>
</testsuite> <!-- Regression -->
